2024-11-08 21:03:03.985240:	b'Nov 08 20:02:52.578370 sheep0 kernel: [<c0906cdc>] (driver_register) from [<c0907f14>] (__platform_driver_register+0x50/0x58)'
2024-11-08 21:03:04.041688:	b'Nov 08 20:02:52.578716 sheep0 kernel: [<c0907f14>] (__platform_driver_register) from [<bf3e2028>] (shepherd_driver_init+0x28/0x1'
2024-11-08 21:03:04.097776:	b'Nov 08 20:02:52.579119 sheep0 kernel: [<bf3e2028>] (shepherd_driver_init [shepherd]) from [<c0103218>] (do_one_initcall+0x50/0x2'
2024-11-08 21:03:04.139683:	b'Nov 08 20:02:52.579905 sheep0 kernel: [<c0103218>] (do_one_initcall) from [<c01ed4a4>] (do_init_module+0x74/0x2cc)'
2024-11-08 21:03:04.206302:	b'Nov 08 20:02:52.580368 sheep0 kernel: [<c01ed4a4>] (do_init_module) from [<c01eff58>] (load_module+0x27ec/0x2d58)'
2024-11-08 21:03:04.286350:	b'Nov 08 20:02:52.580795 sheep0 kernel: [<c01eff58>] (load_module) from [<c01f0760>] (sys_finit_module+0xc0/0x11c)'
2024-11-08 21:03:04.346084:	b'Nov 08 20:02:52.581209 sheep0 kernel: [<c01f0760>] (sys_finit_module) from [<c0101000>] (ret_fast_syscall+0x0/0x54)'
2024-11-08 21:03:04.402204:	b'Nov 08 20:02:52.581586 sheep0 kernel: Exception stack(0xdb75dfa8 to 0xdb75dff0)'
2024-11-08 21:03:04.440356:	b'Nov 08 20:02:52.581986 sheep0 kernel: dfa0:                   00423ad8 0181ad14 00000003 00421d38 00000000 004236bc'
2024-11-08 21:03:04.482433:	b'Nov 08 20:02:52.582400 sheep0 kernel: dfc0: 00423ad8 0181ad14 91aa4a00 0000017b 0181ad80 00000000 00000000 004200bc'
2024-11-08 21:03:04.544063:	b'Nov 08 20:02:52.582788 sheep0 kernel: dfe0: bed641d8 bed641c8 0041a149 b6b5aef2'
2024-11-08 21:03:04.592909:	b'Nov 08 20:02:52.583194 sheep0 kernel: shprd.pru0: (re)starting main-routine'
2024-11-08 21:03:04.641683:	b'Nov 08 20:02:52.583701 sheep0 kernel: shprd.k: [test passed] received answer from pru1 / pipeline 3'
2024-11-08 21:03:04.685802:	b'Nov 08 20:02:52.584109 sheep0 kernel: shprd.k: verified canaries'
2024-11-08 21:03:04.730179:	b'Nov 08 20:02:52.584501 sheep0 kernel: ---[ end trace 7b46817af607a9bd ]---'
2024-11-08 21:03:04.769196:	b'Nov 08 20:02:52.584923 sheep0 kernel: shprd.k: ocmc-cache initialized, mem @ 0xde14b2a9'
2024-11-08 21:03:04.822104:	b'Nov 08 20:02:52.585268 sheep0 kernel: shprd.k: 8 cache-blocks with 1024 ivsamples each for'
2024-11-08 21:03:04.869426:	b'Nov 08 20:02:52.585631 sheep0 kernel: shprd.sync: pru1-init with reset of time to 1731092572700000000 - starting loop'
2024-11-08 21:03:04.948715:	b'Nov 08 20:02:52.586034 sheep0 kernel: shprd.k: [test passed] received answer from pru0 / pipeline 1'
2024-11-08 21:03:05.016060:	b'Nov 08 20:02:52.586416 sheep0 kernel: shprd.k: [test passed] received answer from pru0 / pipeline 2'
2024-11-08 21:03:05.074541:	b'Nov 08 20:02:52.586821 sheep0 kernel: shprd.sync: NOTE - next message is shown every 2 s when sync-error exceeds 300 ns (normal '
2024-11-08 21:03:05.146347:	b'Nov 08 20:02:54.603355 sheep0 kernel: shprd.sync: err_PI = -60 (16000012), -5 -> fback = -71 ns/.1s [2000; 71]'
2024-11-08 21:03:05.188542:	b'Nov 08 20:02:55.855465 sheep0 kernel: shprd.sync: err_PI = 37312519 (37803095), 10000000 -> fback = 200000 ns/.1s [1980; 0]'
2024-11-08 21:03:05.229332:	b'Nov 08 20:02:55.856410 sheep0 kernel: shprd.k: msg-system paused'
2024-11-08 21:03:05.274200:	b'Nov 08 20:02:55.871517 sheep0 kernel: shprd.sync: pru-sync-system paused'
2024-11-08 21:03:05.344508:	b'Nov 08 20:02:55.872393 sheep0 kernel: remoteproc remoteproc1: stopped remote processor 4a334000.pru'
2024-11-08 21:03:05.409910:	b'Nov 08 20:02:55.879527 sheep0 kernel: remoteproc remoteproc1: powering up 4a334000.pru'
2024-11-08 21:03:05.464343:	b'Nov 08 20:02:55.882478 sheep0 kernel: remoteproc remoteproc1: Booting fw image am335x-pru0-shepherd-HRV-fw, size 74820'
2024-11-08 21:03:05.533907:	b'Nov 08 20:02:55.927357 sheep0 kernel: remoteproc remoteproc1: remote processor 4a334000.pru is now up'
2024-11-08 21:03:05.602375:	b'Nov 08 20:02:56.251385 sheep0 kernel: shprd.k: mem-interface reset to default'
2024-11-08 21:03:05.708658:	b'Nov 08 20:02:56.252154 sheep0 kernel: shprd.k: msg-system started'
2024-11-08 21:03:05.769867:	b'Nov 08 20:02:56.268310 sheep0 kernel: shprd.sync: pru-sync-system started'
2024-11-08 21:03:05.814676:	b'Nov 08 20:02:56.282960 sheep0 kernel: shprd.pru0: (re)starting main-routine'
2024-11-08 21:03:05.886764:	b'Nov 08 20:02:56.283753 sheep0 kernel: shprd.sync: too small timestamp-jump detected (sync-loop, 0 ms)'
2024-11-08 21:03:05.954325:	b'Nov 08 20:02:58.263439 sheep0 kernel: shprd.sync: Faulty behavior - PRU did not answer to trigger-request in time!'
2024-11-08 21:03:05.992439:	b'Nov 08 20:02:58.264320 sheep0 kernel: shprd.k: msg-system paused'
2024-11-08 21:03:06.034879:	b'Nov 08 20:02:58.264731 sheep0 kernel: shprd.sync: pru-sync-system paused'
2024-11-08 21:03:06.078100:	b'Nov 08 20:02:58.265130 sheep0 kernel: pruss 4a300000.pruss: unconfigured system_events[63-0] = 00000000,00100000'
2024-11-08 21:03:06.128644:	b'Nov 08 20:02:58.268675 sheep0 kernel: pruss 4a300000.pruss: unconfigured host_intr = 0x00000001'
2024-11-08 21:03:06.176212:	b'Nov 08 20:02:58.271605 sheep0 kernel: remoteproc remoteproc2: stopped remote processor 4a338000.pru'
2024-11-08 21:03:06.218569:	b'Nov 08 20:02:58.274282 sheep0 kernel: remoteproc remoteproc2: powering up 4a338000.pru'
2024-11-08 21:03:06.268044:	b'Nov 08 20:02:58.277292 sheep0 kernel: remoteproc remoteproc2: Booting fw image am335x-pru1-shepherd-fw, size 62348'
2024-11-08 21:03:06.291428:	b'Nov 08 20:02:58.280200 sheep0 kernel: pruss 4a300000.pruss: configured system_events[63-0] = 00000000,00100000'
2024-11-08 21:03:06.315577:	b'Nov 08 20:02:58.282708 sheep0 kernel: pruss 4a300000.pruss: configured intr_channels = 0x00000001 host_intr = 0x00000001'
2024-11-08 21:03:06.338987:	b'Nov 08 20:02:58.285643 sheep0 kernel: remoteproc remoteproc2: remote processor 4a338000.pru is now up'
2024-11-08 21:03:06.364347:	b'Nov 08 20:02:58.588836 sheep0 kernel: shprd.k: mem-interface reset to default'
2024-11-08 21:03:06.387863:	b'Nov 08 20:02:58.589633 sheep0 kernel: shprd.k: msg-system started'
2024-11-08 21:03:06.411717:	b'Nov 08 20:02:58.590067 sheep0 kernel: shprd.sync: pru-sync-system started'
2024-11-08 21:03:06.434914:	b'Nov 08 20:02:58.590432 sheep0 kernel: shprd.pru1: (re)starting main-routine'
2024-11-08 21:03:06.460387:	b'Nov 08 20:02:59.203347 sheep0 kernel: shprd.sync: pru1-init with reset of time to 1731092578700000000 - starting loop'
2024-11-08 21:03:06.484333:	b'Nov 08 20:03:01.203360 sheep0 kernel: shprd.sync: err_PI = -10616320 (12278688), -5979093 -> fback = -200000 ns/.1s [2020; 0]'
2024-11-08 21:03:06.510012:	b'Nov 08 20:03:01.723444 sheep0 kernel: shprd.sync: err_PI = -6973254 (7712580), -10000000 -> fback = -200000 ns/.1s [2020; 0]'
2024-11-08 21:03:06.534583:	b'Nov 08 20:03:02.239521 sheep0 kernel: shprd.pru0: (re)starting main-routine'
2024-11-08 21:03:06.558014:	b'Nov 08 20:03:02.240450 sheep0 kernel: shprd.k: new mode = 16 (harvester)'
2024-11-08 21:03:06.583864:	b'Nov 08 20:03:02.723500 sheep0 kernel: shprd.pru0: (re)starting main-routine'
2024-11-08 21:03:06.607756:	b'Nov 08 20:03:02.735517 sheep0 kernel: shprd.k: writing struct HarvesterConfig'
2024-11-08 21:03:06.631819:	b'Nov 08 20:03:02.736333 sheep0 kernel: shprd: Setting ADC-Current calibration config. gain: 52083, offset: 0'
2024-11-08 21:03:06.655024:	b'Nov 08 20:03:02.736840 sheep0 kernel: shprd: Setting ADC-Voltage calibration config. gain: 5000, offset: 0'
2024-11-08 21:03:06.680684:	b'Nov 08 20:03:02.737215 sheep0 kernel: shprd: Setting DAC-Voltage calibration config. gain: 13744, offset: 0'
2024-11-08 21:03:06.704606:	b'Nov 08 20:03:03.203514 sheep0 kernel: shprd.pru0: (re)starting main-routine'
2024-11-08 21:03:06.728098:	b'Nov 08 20:03:04.503540 sheep0 kernel: shprd.sync: err_PI = -3327574 (4056783), -10000000 -> fback = -200000 ns/.1s [2020; 0]'
2024-11-08 21:03:06.751369:	b'Nov 08 20:03:04.504488 sheep0 kernel: shprd.k: Setting start-timestamp to 1731092591'
2024-11-08 21:03:06.776901:	b'Nov 08 20:03:04.903489 sheep0 kernel: shprd.k: Delayed start timer set to 1731092590925000000'
2024-11-08 21:03:06.800852:	b'Nov 08 20:03:05.203499 sheep0 kernel: shprd.sync: error BELOW 1ms -> relax PI-tuning'
2024-11-08 21:03:07.345679:	b'Nov 08 20:03:06.503485 sheep0 kernel: shprd.sync: err_PI = 315277 (582014), -9979827 -> fback = -200000 ns/.1s [2020; 0]'
2024-11-08 21:03:07.888001:	b'Nov 08 20:03:07.206642 sheep0 kernel: shprd.sync: error ABOVE 2ms -> more responsive PI-tuning'
2024-11-08 21:03:09.992648:	b'Nov 08 20:03:09.203353 sheep0 kernel: shprd.sync: err_PI = 3958277 (3241114), -6779149 -> fback = -200000 ns/.1s [2020; 0]'
2024-11-08 21:03:10.537416:	b'Nov 08 20:03:10.103445 sheep0 kernel: shprd.sync: err_PI = 1919381 (2656860), -290553 -> fback = 200000 ns/.1s [1980; 0]'
2024-11-08 21:03:11.602772:	b'Nov 08 20:03:10.927505 sheep0 kernel: shprd.sync: error BELOW 1ms -> relax PI-tuning'
2024-11-08 21:03:11.634093:	b'Nov 08 20:03:11.203511 sheep0 kernel: shprd.k: Triggered delayed start  @ 1731092590925018616 (now)'
